<?xml version="1.0" encoding="UTF-8"?>
<testsuite name="sudoku.SudokuSolverTest" tests="1" skipped="0" failures="0" errors="0" timestamp="2022-07-10T17:29:25" hostname="MacBook-Air-Adrian.local" time="0.028">
  <properties/>
  <testcase name="solveSudoku()" classname="sudoku.SudokuSolverTest" time="0.028"/>
  <system-out><![CDATA[]]></system-out>
  <system-err><![CDATA[]]></system-err>
</testsuite>
